Base path: D:/Unity/Editor/Data
Cmd: getPlatforms
Cmd: compileSnippet
  error: 2 plat 8 at ./Assets/OvrAvatar/Content/Materials/AvatarMaterialStateShader.cginc(165): Invalid const register num: 59. Max allowed is 31.\nCompiling Fragment program with DIRECTIONAL PROJECTOR_OFF NORMAL_MAP_OFF PARALLAX_OFF ROUGHNESS_OFF LAYERS_8
Platform defines: UNITY_NO_SCREENSPACE_SHADOWS UNITY_ENABLE_REFLECTION_BUFFERS UNITY_PBS_USE_BRDF1 UNITY_SPECCUBE_BOX_PROJECTION UNITY_SPECCUBE_BLENDING SHADER_API_MOBILE SHADER_API_DESKTOP UNITY_COLORSPACE_GAMMA
  api=8 type=1 insize=978409 outsize=0 kw=DIRECTIONAL PROJECTOR_OFF NORMAL_MAP_OFF PARALLAX_OFF ROUGHNESS_OFF LAYERS_8 pd=UNITY_NO_SCREENSPACE_SHADOWS UNITY_ENABLE_REFLECTION_BUFFERS UNITY_PBS_USE_BRDF1 UNITY_SPECCUBE_BOX_PROJECTION UNITY_SPECCUBE_BLENDING SHADER_API_MOBILE SHADER_API_DESKTOP UNITY_COLORSPACE_GAMMA ok=0
Cmd: compileSnippet
  error: 2 plat 8 at ./Assets/OvrAvatar/Content/Materials/AvatarMaterialStateShader.cginc(172): Invalid const register num: 32. Max allowed is 31.\nCompiling Fragment program with DIRECTIONAL PROJECTOR_OFF NORMAL_MAP_OFF LAYERS_3 ROUGHNESS_ON PARALLAX_ON
Platform defines: UNITY_NO_SCREENSPACE_SHADOWS UNITY_ENABLE_REFLECTION_BUFFERS UNITY_PBS_USE_BRDF1 UNITY_SPECCUBE_BOX_PROJECTION UNITY_SPECCUBE_BLENDING SHADER_API_MOBILE SHADER_API_DESKTOP UNITY_COLORSPACE_GAMMA
  api=8 type=1 insize=978409 outsize=0 kw=DIRECTIONAL PROJECTOR_OFF NORMAL_MAP_OFF LAYERS_3 ROUGHNESS_ON PARALLAX_ON pd=UNITY_NO_SCREENSPACE_SHADOWS UNITY_ENABLE_REFLECTION_BUFFERS UNITY_PBS_USE_BRDF1 UNITY_SPECCUBE_BOX_PROJECTION UNITY_SPECCUBE_BLENDING SHADER_API_MOBILE SHADER_API_DESKTOP UNITY_COLORSPACE_GAMMA ok=0
Cmd: compileSnippet
  error: 2 plat 8 at ./Assets/OvrAvatar/Content/Materials/AvatarMaterialStateShader.cginc(215): Invalid const register num: 61. Max allowed is 31.\nCompiling Fragment program with DIRECTIONAL PROJECTOR_OFF NORMAL_MAP_OFF LAYERS_8 ROUGHNESS_ON PARALLAX_ON
Platform defines: UNITY_NO_SCREENSPACE_SHADOWS UNITY_ENABLE_REFLECTION_BUFFERS UNITY_PBS_USE_BRDF1 UNITY_SPECCUBE_BOX_PROJECTION UNITY_SPECCUBE_BLENDING SHADER_API_MOBILE SHADER_API_DESKTOP UNITY_COLORSPACE_GAMMA
  api=8 type=1 insize=978409 outsize=0 kw=DIRECTIONAL PROJECTOR_OFF NORMAL_MAP_OFF LAYERS_8 ROUGHNESS_ON PARALLAX_ON pd=UNITY_NO_SCREENSPACE_SHADOWS UNITY_ENABLE_REFLECTION_BUFFERS UNITY_PBS_USE_BRDF1 UNITY_SPECCUBE_BOX_PROJECTION UNITY_SPECCUBE_BLENDING SHADER_API_MOBILE SHADER_API_DESKTOP UNITY_COLORSPACE_GAMMA ok=0
Cmd: compileSnippet
  error: 2 plat 8 at ./Assets/OvrAvatar/Content/Materials/AvatarMaterialStateShader.cginc(172): Invalid const register num: 55. Max allowed is 31.\nCompiling Fragment program with DIRECTIONAL PROJECTOR_OFF PARALLAX_OFF LAYERS_7 ROUGHNESS_ON NORMAL_MAP_ON
Platform defines: UNITY_NO_SCREENSPACE_SHADOWS UNITY_ENABLE_REFLECTION_BUFFERS UNITY_PBS_USE_BRDF1 UNITY_SPECCUBE_BOX_PROJECTION UNITY_SPECCUBE_BLENDING SHADER_API_MOBILE SHADER_API_DESKTOP UNITY_COLORSPACE_GAMMA
  api=8 type=1 insize=978409 outsize=0 kw=DIRECTIONAL PROJECTOR_OFF PARALLAX_OFF LAYERS_7 ROUGHNESS_ON NORMAL_MAP_ON pd=UNITY_NO_SCREENSPACE_SHADOWS UNITY_ENABLE_REFLECTION_BUFFERS UNITY_PBS_USE_BRDF1 UNITY_SPECCUBE_BOX_PROJECTION UNITY_SPECCUBE_BLENDING SHADER_API_MOBILE SHADER_API_DESKTOP UNITY_COLORSPACE_GAMMA ok=0
Cmd: compileSnippet
  error: 2 plat 8 at ./Assets/OvrAvatar/Content/Materials/AvatarMaterialStateShader.cginc(215): Invalid const register num: 44. Max allowed is 31.\nCompiling Fragment program with DIRECTIONAL PROJECTOR_OFF LAYERS_5 ROUGHNESS_ON PARALLAX_ON NORMAL_MAP_ON
Platform defines: UNITY_NO_SCREENSPACE_SHADOWS UNITY_ENABLE_REFLECTION_BUFFERS UNITY_PBS_USE_BRDF1 UNITY_SPECCUBE_BOX_PROJECTION UNITY_SPECCUBE_BLENDING SHADER_API_MOBILE SHADER_API_DESKTOP UNITY_COLORSPACE_GAMMA
  api=8 type=1 insize=978409 outsize=0 kw=DIRECTIONAL PROJECTOR_OFF LAYERS_5 ROUGHNESS_ON PARALLAX_ON NORMAL_MAP_ON pd=UNITY_NO_SCREENSPACE_SHADOWS UNITY_ENABLE_REFLECTION_BUFFERS UNITY_PBS_USE_BRDF1 UNITY_SPECCUBE_BOX_PROJECTION UNITY_SPECCUBE_BLENDING SHADER_API_MOBILE SHADER_API_DESKTOP UNITY_COLORSPACE_GAMMA ok=0
Cmd: compileSnippet
  error: 2 plat 8 at ./Assets/OvrAvatar/Content/Materials/AvatarMaterialStateShader.cginc(225): Invalid const register num: 39. Max allowed is 31.\nCompiling Fragment program with DIRECTIONAL NORMAL_MAP_OFF PARALLAX_OFF ROUGHNESS_OFF LAYERS_4 PROJECTOR_ON
Platform defines: UNITY_NO_SCREENSPACE_SHADOWS UNITY_ENABLE_REFLECTION_BUFFERS UNITY_PBS_USE_BRDF1 UNITY_SPECCUBE_BOX_PROJECTION UNITY_SPECCUBE_BLENDING SHADER_API_MOBILE SHADER_API_DESKTOP UNITY_COLORSPACE_GAMMA
  api=8 type=1 insize=978409 outsize=0 kw=DIRECTIONAL NORMAL_MAP_OFF PARALLAX_OFF ROUGHNESS_OFF LAYERS_4 PROJECTOR_ON pd=UNITY_NO_SCREENSPACE_SHADOWS UNITY_ENABLE_REFLECTION_BUFFERS UNITY_PBS_USE_BRDF1 UNITY_SPECCUBE_BOX_PROJECTION UNITY_SPECCUBE_BLENDING SHADER_API_MOBILE SHADER_API_DESKTOP UNITY_COLORSPACE_GAMMA ok=0
Cmd: compileSnippet
  error: 2 plat 8 at ./Assets/OvrAvatar/Content/Materials/AvatarMaterialStateShader.cginc(225): Invalid const register num: 64. Max allowed is 31.\nCompiling Fragment program with DIRECTIONAL NORMAL_MAP_OFF PARALLAX_OFF LAYERS_8 ROUGHNESS_ON PROJECTOR_ON
Platform defines: UNITY_NO_SCREENSPACE_SHADOWS UNITY_ENABLE_REFLECTION_BUFFERS UNITY_PBS_USE_BRDF1 UNITY_SPECCUBE_BOX_PROJECTION UNITY_SPECCUBE_BLENDING SHADER_API_MOBILE SHADER_API_DESKTOP UNITY_COLORSPACE_GAMMA
  api=8 type=1 insize=978409 outsize=0 kw=DIRECTIONAL NORMAL_MAP_OFF PARALLAX_OFF LAYERS_8 ROUGHNESS_ON PROJECTOR_ON pd=UNITY_NO_SCREENSPACE_SHADOWS UNITY_ENABLE_REFLECTION_BUFFERS UNITY_PBS_USE_BRDF1 UNITY_SPECCUBE_BOX_PROJECTION UNITY_SPECCUBE_BLENDING SHADER_API_MOBILE SHADER_API_DESKTOP UNITY_COLORSPACE_GAMMA ok=0
Cmd: compileSnippet
  error: 2 plat 8 at ./Assets/OvrAvatar/Content/Materials/AvatarMaterialStateShader.cginc(225): Invalid const register num: 32. Max allowed is 31.\nCompiling Fragment program with DIRECTIONAL NORMAL_MAP_OFF ROUGHNESS_OFF LAYERS_2 PARALLAX_ON PROJECTOR_ON
Platform defines: UNITY_NO_SCREENSPACE_SHADOWS UNITY_ENABLE_REFLECTION_BUFFERS UNITY_PBS_USE_BRDF1 UNITY_SPECCUBE_BOX_PROJECTION UNITY_SPECCUBE_BLENDING SHADER_API_MOBILE SHADER_API_DESKTOP UNITY_COLORSPACE_GAMMA
  api=8 type=1 insize=978409 outsize=0 kw=DIRECTIONAL NORMAL_MAP_OFF ROUGHNESS_OFF LAYERS_2 PARALLAX_ON PROJECTOR_ON pd=UNITY_NO_SCREENSPACE_SHADOWS UNITY_ENABLE_REFLECTION_BUFFERS UNITY_PBS_USE_BRDF1 UNITY_SPECCUBE_BOX_PROJECTION UNITY_SPECCUBE_BLENDING SHADER_API_MOBILE SHADER_API_DESKTOP UNITY_COLORSPACE_GAMMA ok=0
Cmd: compileSnippet
  error: 2 plat 8 at ./Assets/OvrAvatar/Content/Materials/AvatarMaterialStateShader.cginc(225): Invalid const register num: 40. Max allowed is 31.\nCompiling Fragment program with DIRECTIONAL NORMAL_MAP_OFF ROUGHNESS_OFF LAYERS_4 PARALLAX_ON PROJECTOR_ON
Platform defines: UNITY_NO_SCREENSPACE_SHADOWS UNITY_ENABLE_REFLECTION_BUFFERS UNITY_PBS_USE_BRDF1 UNITY_SPECCUBE_BOX_PROJECTION UNITY_SPECCUBE_BLENDING SHADER_API_MOBILE SHADER_API_DESKTOP UNITY_COLORSPACE_GAMMA
  api=8 type=1 insize=978409 outsize=0 kw=DIRECTIONAL NORMAL_MAP_OFF ROUGHNESS_OFF LAYERS_4 PARALLAX_ON PROJECTOR_ON pd=UNITY_NO_SCREENSPACE_SHADOWS UNITY_ENABLE_REFLECTION_BUFFERS UNITY_PBS_USE_BRDF1 UNITY_SPECCUBE_BOX_PROJECTION UNITY_SPECCUBE_BLENDING SHADER_API_MOBILE SHADER_API_DESKTOP UNITY_COLORSPACE_GAMMA ok=0
Cmd: compileSnippet
  error: 2 plat 8 at ./Assets/OvrAvatar/Content/Materials/AvatarMaterialStateShader.cginc(225): Invalid const register num: 47. Max allowed is 31.\nCompiling Fragment program with DIRECTIONAL NORMAL_MAP_OFF LAYERS_5 ROUGHNESS_ON PARALLAX_ON PROJECTOR_ON
Platform defines: UNITY_NO_SCREENSPACE_SHADOWS UNITY_ENABLE_REFLECTION_BUFFERS UNITY_PBS_USE_BRDF1 UNITY_SPECCUBE_BOX_PROJECTION UNITY_SPECCUBE_BLENDING SHADER_API_MOBILE SHADER_API_DESKTOP UNITY_COLORSPACE_GAMMA
  api=8 type=1 insize=978409 outsize=0 kw=DIRECTIONAL NORMAL_MAP_OFF LAYERS_5 ROUGHNESS_ON PARALLAX_ON PROJECTOR_ON pd=UNITY_NO_SCREENSPACE_SHADOWS UNITY_ENABLE_REFLECTION_BUFFERS UNITY_PBS_USE_BRDF1 UNITY_SPECCUBE_BOX_PROJECTION UNITY_SPECCUBE_BLENDING SHADER_API_MOBILE SHADER_API_DESKTOP UNITY_COLORSPACE_GAMMA ok=0
Cmd: compileSnippet
  error: 2 plat 8 at ./Assets/OvrAvatar/Content/Materials/AvatarMaterialStateShader.cginc(225): Invalid const register num: 53. Max allowed is 31.\nCompiling Fragment program with DIRECTIONAL PARALLAX_OFF LAYERS_6 ROUGHNESS_ON NORMAL_MAP_ON PROJECTOR_ON
Platform defines: UNITY_NO_SCREENSPACE_SHADOWS UNITY_ENABLE_REFLECTION_BUFFERS UNITY_PBS_USE_BRDF1 UNITY_SPECCUBE_BOX_PROJECTION UNITY_SPECCUBE_BLENDING SHADER_API_MOBILE SHADER_API_DESKTOP UNITY_COLORSPACE_GAMMA
  api=8 type=1 insize=978409 outsize=0 kw=DIRECTIONAL PARALLAX_OFF LAYERS_6 ROUGHNESS_ON NORMAL_MAP_ON PROJECTOR_ON pd=UNITY_NO_SCREENSPACE_SHADOWS UNITY_ENABLE_REFLECTION_BUFFERS UNITY_PBS_USE_BRDF1 UNITY_SPECCUBE_BOX_PROJECTION UNITY_SPECCUBE_BLENDING SHADER_API_MOBILE SHADER_API_DESKTOP UNITY_COLORSPACE_GAMMA ok=0
Cmd: compileSnippet
  error: 2 plat 8 at ./Assets/OvrAvatar/Content/Materials/AvatarMaterialStateShader.cginc(225): Invalid const register num: 32. Max allowed is 31.\nCompiling Fragment program with DIRECTIONAL ROUGHNESS_OFF LAYERS_2 PARALLAX_ON NORMAL_MAP_ON PROJECTOR_ON
Platform defines: UNITY_NO_SCREENSPACE_SHADOWS UNITY_ENABLE_REFLECTION_BUFFERS UNITY_PBS_USE_BRDF1 UNITY_SPECCUBE_BOX_PROJECTION UNITY_SPECCUBE_BLENDING SHADER_API_MOBILE SHADER_API_DESKTOP UNITY_COLORSPACE_GAMMA
  api=8 type=1 insize=978409 outsize=0 kw=DIRECTIONAL ROUGHNESS_OFF LAYERS_2 PARALLAX_ON NORMAL_MAP_ON PROJECTOR_ON pd=UNITY_NO_SCREENSPACE_SHADOWS UNITY_ENABLE_REFLECTION_BUFFERS UNITY_PBS_USE_BRDF1 UNITY_SPECCUBE_BOX_PROJECTION UNITY_SPECCUBE_BLENDING SHADER_API_MOBILE SHADER_API_DESKTOP UNITY_COLORSPACE_GAMMA ok=0
Cmd: compileSnippet
  error: 2 plat 8 at ./Assets/OvrAvatar/Content/Materials/AvatarMaterialStateShader.cginc(225): Invalid const register num: 53. Max allowed is 31.\nCompiling Fragment program with DIRECTIONAL ROUGHNESS_OFF LAYERS_6 PARALLAX_ON NORMAL_MAP_ON PROJECTOR_ON
Platform defines: UNITY_NO_SCREENSPACE_SHADOWS UNITY_ENABLE_REFLECTION_BUFFERS UNITY_PBS_USE_BRDF1 UNITY_SPECCUBE_BOX_PROJECTION UNITY_SPECCUBE_BLENDING SHADER_API_MOBILE SHADER_API_DESKTOP UNITY_COLORSPACE_GAMMA
  api=8 type=1 insize=978409 outsize=0 kw=DIRECTIONAL ROUGHNESS_OFF LAYERS_6 PARALLAX_ON NORMAL_MAP_ON PROJECTOR_ON pd=UNITY_NO_SCREENSPACE_SHADOWS UNITY_ENABLE_REFLECTION_BUFFERS UNITY_PBS_USE_BRDF1 UNITY_SPECCUBE_BOX_PROJECTION UNITY_SPECCUBE_BLENDING SHADER_API_MOBILE SHADER_API_DESKTOP UNITY_COLORSPACE_GAMMA ok=0
Cmd: compileSnippet
  error: 2 plat 8 at ./Assets/OvrAvatar/Content/Materials/AvatarMaterialStateShader.cginc(225): Invalid const register num: 32. Max allowed is 31.\nCompiling Fragment program with DIRECTIONAL LAYERS_2 ROUGHNESS_ON PARALLAX_ON NORMAL_MAP_ON PROJECTOR_ON
Platform defines: UNITY_NO_SCREENSPACE_SHADOWS UNITY_ENABLE_REFLECTION_BUFFERS UNITY_PBS_USE_BRDF1 UNITY_SPECCUBE_BOX_PROJECTION UNITY_SPECCUBE_BLENDING SHADER_API_MOBILE SHADER_API_DESKTOP UNITY_COLORSPACE_GAMMA
  api=8 type=1 insize=978409 outsize=0 kw=DIRECTIONAL LAYERS_2 ROUGHNESS_ON PARALLAX_ON NORMAL_MAP_ON PROJECTOR_ON pd=UNITY_NO_SCREENSPACE_SHADOWS UNITY_ENABLE_REFLECTION_BUFFERS UNITY_PBS_USE_BRDF1 UNITY_SPECCUBE_BOX_PROJECTION UNITY_SPECCUBE_BLENDING SHADER_API_MOBILE SHADER_API_DESKTOP UNITY_COLORSPACE_GAMMA ok=0
Cmd: compileSnippet
  error: 2 plat 8 at ./Assets/OvrAvatar/Content/Materials/AvatarMaterialStateShader.cginc(225): Invalid const register num: 60. Max allowed is 31.\nCompiling Fragment program with DIRECTIONAL LAYERS_7 ROUGHNESS_ON PARALLAX_ON NORMAL_MAP_ON PROJECTOR_ON
Platform defines: UNITY_NO_SCREENSPACE_SHADOWS UNITY_ENABLE_REFLECTION_BUFFERS UNITY_PBS_USE_BRDF1 UNITY_SPECCUBE_BOX_PROJECTION UNITY_SPECCUBE_BLENDING SHADER_API_MOBILE SHADER_API_DESKTOP UNITY_COLORSPACE_GAMMA
  api=8 type=1 insize=978409 outsize=0 kw=DIRECTIONAL LAYERS_7 ROUGHNESS_ON PARALLAX_ON NORMAL_MAP_ON PROJECTOR_ON pd=UNITY_NO_SCREENSPACE_SHADOWS UNITY_ENABLE_REFLECTION_BUFFERS UNITY_PBS_USE_BRDF1 UNITY_SPECCUBE_BOX_PROJECTION UNITY_SPECCUBE_BLENDING SHADER_API_MOBILE SHADER_API_DESKTOP UNITY_COLORSPACE_GAMMA ok=0
Cmd: compileSnippet
  error: 2 plat 8 at ./Assets/OvrAvatar/Content/Materials/AvatarMaterialStateShader.cginc(165): Invalid const register num: 59. Max allowed is 31.\nCompiling Fragment program with DIRECTIONAL PROJECTOR_OFF NORMAL_MAP_OFF PARALLAX_OFF ROUGHNESS_OFF LAYERS_8
Platform defines: UNITY_NO_SCREENSPACE_SHADOWS UNITY_ENABLE_REFLECTION_BUFFERS UNITY_PBS_USE_BRDF1 UNITY_SPECCUBE_BOX_PROJECTION UNITY_SPECCUBE_BLENDING SHADER_API_MOBILE SHADER_API_DESKTOP UNITY_COLORSPACE_GAMMA
  api=8 type=1 insize=978281 outsize=0 kw=DIRECTIONAL PROJECTOR_OFF NORMAL_MAP_OFF PARALLAX_OFF ROUGHNESS_OFF LAYERS_8 pd=UNITY_NO_SCREENSPACE_SHADOWS UNITY_ENABLE_REFLECTION_BUFFERS UNITY_PBS_USE_BRDF1 UNITY_SPECCUBE_BOX_PROJECTION UNITY_SPECCUBE_BLENDING SHADER_API_MOBILE SHADER_API_DESKTOP UNITY_COLORSPACE_GAMMA ok=0
Cmd: compileSnippet
  error: 2 plat 8 at ./Assets/OvrAvatar/Content/Materials/AvatarMaterialStateShader.cginc(215): Invalid const register num: 60. Max allowed is 31.\nCompiling Fragment program with DIRECTIONAL PROJECTOR_OFF NORMAL_MAP_OFF ROUGHNESS_OFF LAYERS_8 PARALLAX_ON
Platform defines: UNITY_NO_SCREENSPACE_SHADOWS UNITY_ENABLE_REFLECTION_BUFFERS UNITY_PBS_USE_BRDF1 UNITY_SPECCUBE_BOX_PROJECTION UNITY_SPECCUBE_BLENDING SHADER_API_MOBILE SHADER_API_DESKTOP UNITY_COLORSPACE_GAMMA
  api=8 type=1 insize=978281 outsize=0 kw=DIRECTIONAL PROJECTOR_OFF NORMAL_MAP_OFF ROUGHNESS_OFF LAYERS_8 PARALLAX_ON pd=UNITY_NO_SCREENSPACE_SHADOWS UNITY_ENABLE_REFLECTION_BUFFERS UNITY_PBS_USE_BRDF1 UNITY_SPECCUBE_BOX_PROJECTION UNITY_SPECCUBE_BLENDING SHADER_API_MOBILE SHADER_API_DESKTOP UNITY_COLORSPACE_GAMMA ok=0
Cmd: compileSnippet
  error: 2 plat 8 at ./Assets/OvrAvatar/Content/Materials/AvatarMaterialStateShader.cginc(172): Invalid const register num: 60. Max allowed is 31.\nCompiling Fragment program with DIRECTIONAL PROJECTOR_OFF PARALLAX_OFF ROUGHNESS_OFF LAYERS_8 NORMAL_MAP_ON
Platform defines: UNITY_NO_SCREENSPACE_SHADOWS UNITY_ENABLE_REFLECTION_BUFFERS UNITY_PBS_USE_BRDF1 UNITY_SPECCUBE_BOX_PROJECTION UNITY_SPECCUBE_BLENDING SHADER_API_MOBILE SHADER_API_DESKTOP UNITY_COLORSPACE_GAMMA
  api=8 type=1 insize=978281 outsize=0 kw=DIRECTIONAL PROJECTOR_OFF PARALLAX_OFF ROUGHNESS_OFF LAYERS_8 NORMAL_MAP_ON pd=UNITY_NO_SCREENSPACE_SHADOWS UNITY_ENABLE_REFLECTION_BUFFERS UNITY_PBS_USE_BRDF1 UNITY_SPECCUBE_BOX_PROJECTION UNITY_SPECCUBE_BLENDING SHADER_API_MOBILE SHADER_API_DESKTOP UNITY_COLORSPACE_GAMMA ok=0
Cmd: compileSnippet
  error: 2 plat 8 at ./Assets/OvrAvatar/Content/Materials/AvatarMaterialStateShader.cginc(215): Invalid const register num: 38. Max allowed is 31.\nCompiling Fragment program with DIRECTIONAL PROJECTOR_OFF LAYERS_4 ROUGHNESS_ON PARALLAX_ON NORMAL_MAP_ON
Platform defines: UNITY_NO_SCREENSPACE_SHADOWS UNITY_ENABLE_REFLECTION_BUFFERS UNITY_PBS_USE_BRDF1 UNITY_SPECCUBE_BOX_PROJECTION UNITY_SPECCUBE_BLENDING SHADER_API_MOBILE SHADER_API_DESKTOP UNITY_COLORSPACE_GAMMA
  api=8 type=1 insize=978281 outsize=0 kw=DIRECTIONAL PROJECTOR_OFF LAYERS_4 ROUGHNESS_ON PARALLAX_ON NORMAL_MAP_ON pd=UNITY_NO_SCREENSPACE_SHADOWS UNITY_ENABLE_REFLECTION_BUFFERS UNITY_PBS_USE_BRDF1 UNITY_SPECCUBE_BOX_PROJECTION UNITY_SPECCUBE_BLENDING SHADER_API_MOBILE SHADER_API_DESKTOP UNITY_COLORSPACE_GAMMA ok=0
Cmd: compileSnippet
  error: 2 plat 8 at ./Assets/OvrAvatar/Content/Materials/AvatarMaterialStateShader.cginc(225): Invalid const register num: 32. Max allowed is 31.\nCompiling Fragment program with DIRECTIONAL NORMAL_MAP_OFF PARALLAX_OFF ROUGHNESS_OFF LAYERS_2 PROJECTOR_ON
Platform defines: UNITY_NO_SCREENSPACE_SHADOWS UNITY_ENABLE_REFLECTION_BUFFERS UNITY_PBS_USE_BRDF1 UNITY_SPECCUBE_BOX_PROJECTION UNITY_SPECCUBE_BLENDING SHADER_API_MOBILE SHADER_API_DESKTOP UNITY_COLORSPACE_GAMMA
  api=8 type=1 insize=978281 outsize=0 kw=DIRECTIONAL NORMAL_MAP_OFF PARALLAX_OFF ROUGHNESS_OFF LAYERS_2 PROJECTOR_ON pd=UNITY_NO_SCREENSPACE_SHADOWS UNITY_ENABLE_REFLECTION_BUFFERS UNITY_PBS_USE_BRDF1 UNITY_SPECCUBE_BOX_PROJECTION UNITY_SPECCUBE_BLENDING SHADER_API_MOBILE SHADER_API_DESKTOP UNITY_COLORSPACE_GAMMA ok=0
Cmd: compileSnippet
  error: 2 plat 8 at ./Assets/OvrAvatar/Content/Materials/AvatarMaterialStateShader.cginc(225): Invalid const register num: 57. Max allowed is 31.\nCompiling Fragment program with DIRECTIONAL NORMAL_MAP_OFF PARALLAX_OFF ROUGHNESS_OFF LAYERS_7 PROJECTOR_ON
Platform defines: UNITY_NO_SCREENSPACE_SHADOWS UNITY_ENABLE_REFLECTION_BUFFERS UNITY_PBS_USE_BRDF1 UNITY_SPECCUBE_BOX_PROJECTION UNITY_SPECCUBE_BLENDING SHADER_API_MOBILE SHADER_API_DESKTOP UNITY_COLORSPACE_GAMMA
  api=8 type=1 insize=978281 outsize=0 kw=DIRECTIONAL NORMAL_MAP_OFF PARALLAX_OFF ROUGHNESS_OFF LAYERS_7 PROJECTOR_ON pd=UNITY_NO_SCREENSPACE_SHADOWS UNITY_ENABLE_REFLECTION_BUFFERS UNITY_PBS_USE_BRDF1 UNITY_SPECCUBE_BOX_PROJECTION UNITY_SPECCUBE_BLENDING SHADER_API_MOBILE SHADER_API_DESKTOP UNITY_COLORSPACE_GAMMA ok=0
Cmd: compileSnippet
  error: 2 plat 8 at ./Assets/OvrAvatar/Content/Materials/AvatarMaterialStateShader.cginc(225): Invalid const register num: 59. Max allowed is 31.\nCompiling Fragment program with DIRECTIONAL NORMAL_MAP_OFF LAYERS_7 ROUGHNESS_ON PARALLAX_ON PROJECTOR_ON
Platform defines: UNITY_NO_SCREENSPACE_SHADOWS UNITY_ENABLE_REFLECTION_BUFFERS UNITY_PBS_USE_BRDF1 UNITY_SPECCUBE_BOX_PROJECTION UNITY_SPECCUBE_BLENDING SHADER_API_MOBILE SHADER_API_DESKTOP UNITY_COLORSPACE_GAMMA
  api=8 type=1 insize=978281 outsize=0 kw=DIRECTIONAL NORMAL_MAP_OFF LAYERS_7 ROUGHNESS_ON PARALLAX_ON PROJECTOR_ON pd=UNITY_NO_SCREENSPACE_SHADOWS UNITY_ENABLE_REFLECTION_BUFFERS UNITY_PBS_USE_BRDF1 UNITY_SPECCUBE_BOX_PROJECTION UNITY_SPECCUBE_BLENDING SHADER_API_MOBILE SHADER_API_DESKTOP UNITY_COLORSPACE_GAMMA ok=0
Cmd: compileSnippet
  error: 2 plat 8 at ./Assets/OvrAvatar/Content/Materials/AvatarMaterialStateShader.cginc(225): Invalid const register num: 32. Max allowed is 31.\nCompiling Fragment program with DIRECTIONAL PARALLAX_OFF ROUGHNESS_OFF LAYERS_2 NORMAL_MAP_ON PROJECTOR_ON
Platform defines: UNITY_NO_SCREENSPACE_SHADOWS UNITY_ENABLE_REFLECTION_BUFFERS UNITY_PBS_USE_BRDF1 UNITY_SPECCUBE_BOX_PROJECTION UNITY_SPECCUBE_BLENDING SHADER_API_MOBILE SHADER_API_DESKTOP UNITY_COLORSPACE_GAMMA
  api=8 type=1 insize=978281 outsize=0 kw=DIRECTIONAL PARALLAX_OFF ROUGHNESS_OFF LAYERS_2 NORMAL_MAP_ON PROJECTOR_ON pd=UNITY_NO_SCREENSPACE_SHADOWS UNITY_ENABLE_REFLECTION_BUFFERS UNITY_PBS_USE_BRDF1 UNITY_SPECCUBE_BOX_PROJECTION UNITY_SPECCUBE_BLENDING SHADER_API_MOBILE SHADER_API_DESKTOP UNITY_COLORSPACE_GAMMA ok=0
Cmd: compileSnippet
  error: 2 plat 8 at ./Assets/OvrAvatar/Content/Materials/AvatarMaterialStateShader.cginc(225): Invalid const register num: 46. Max allowed is 31.\nCompiling Fragment program with DIRECTIONAL PARALLAX_OFF ROUGHNESS_OFF LAYERS_5 NORMAL_MAP_ON PROJECTOR_ON
Platform defines: UNITY_NO_SCREENSPACE_SHADOWS UNITY_ENABLE_REFLECTION_BUFFERS UNITY_PBS_USE_BRDF1 UNITY_SPECCUBE_BOX_PROJECTION UNITY_SPECCUBE_BLENDING SHADER_API_MOBILE SHADER_API_DESKTOP UNITY_COLORSPACE_GAMMA
  api=8 type=1 insize=978281 outsize=0 kw=DIRECTIONAL PARALLAX_OFF ROUGHNESS_OFF LAYERS_5 NORMAL_MAP_ON PROJECTOR_ON pd=UNITY_NO_SCREENSPACE_SHADOWS UNITY_ENABLE_REFLECTION_BUFFERS UNITY_PBS_USE_BRDF1 UNITY_SPECCUBE_BOX_PROJECTION UNITY_SPECCUBE_BLENDING SHADER_API_MOBILE SHADER_API_DESKTOP UNITY_COLORSPACE_GAMMA ok=0
Cmd: compileSnippet
  error: 2 plat 8 at ./Assets/OvrAvatar/Content/Materials/AvatarMaterialStateShader.cginc(225): Invalid const register num: 65. Max allowed is 31.\nCompiling Fragment program with DIRECTIONAL ROUGHNESS_OFF LAYERS_8 PARALLAX_ON NORMAL_MAP_ON PROJECTOR_ON
Platform defines: UNITY_NO_SCREENSPACE_SHADOWS UNITY_ENABLE_REFLECTION_BUFFERS UNITY_PBS_USE_BRDF1 UNITY_SPECCUBE_BOX_PROJECTION UNITY_SPECCUBE_BLENDING SHADER_API_MOBILE SHADER_API_DESKTOP UNITY_COLORSPACE_GAMMA
  api=8 type=1 insize=978281 outsize=0 kw=DIRECTIONAL ROUGHNESS_OFF LAYERS_8 PARALLAX_ON NORMAL_MAP_ON PROJECTOR_ON pd=UNITY_NO_SCREENSPACE_SHADOWS UNITY_ENABLE_REFLECTION_BUFFERS UNITY_PBS_USE_BRDF1 UNITY_SPECCUBE_BOX_PROJECTION UNITY_SPECCUBE_BLENDING SHADER_API_MOBILE SHADER_API_DESKTOP UNITY_COLORSPACE_GAMMA ok=0
Cmd: compileSnippet
  error: 2 plat 8 at ./Assets/OvrAvatar/Content/Materials/AvatarMaterialStateShader.cginc(225): Invalid const register num: 48. Max allowed is 31.\nCompiling Fragment program with DIRECTIONAL LAYERS_5 ROUGHNESS_ON PARALLAX_ON NORMAL_MAP_ON PROJECTOR_ON
Platform defines: UNITY_NO_SCREENSPACE_SHADOWS UNITY_ENABLE_REFLECTION_BUFFERS UNITY_PBS_USE_BRDF1 UNITY_SPECCUBE_BOX_PROJECTION UNITY_SPECCUBE_BLENDING SHADER_API_MOBILE SHADER_API_DESKTOP UNITY_COLORSPACE_GAMMA
  api=8 type=1 insize=978281 outsize=0 kw=DIRECTIONAL LAYERS_5 ROUGHNESS_ON PARALLAX_ON NORMAL_MAP_ON PROJECTOR_ON pd=UNITY_NO_SCREENSPACE_SHADOWS UNITY_ENABLE_REFLECTION_BUFFERS UNITY_PBS_USE_BRDF1 UNITY_SPECCUBE_BOX_PROJECTION UNITY_SPECCUBE_BLENDING SHADER_API_MOBILE SHADER_API_DESKTOP UNITY_COLORSPACE_GAMMA ok=0
Cmd: compileSnippet
  error: 2 plat 8 at ./Assets/OvrAvatar/Content/Materials/AvatarMaterialStateShader.cginc(225): Invalid const register num: 66. Max allowed is 31.\nCompiling Fragment program with DIRECTIONAL LAYERS_8 ROUGHNESS_ON PARALLAX_ON NORMAL_MAP_ON PROJECTOR_ON
Platform defines: UNITY_NO_SCREENSPACE_SHADOWS UNITY_ENABLE_REFLECTION_BUFFERS UNITY_PBS_USE_BRDF1 UNITY_SPECCUBE_BOX_PROJECTION UNITY_SPECCUBE_BLENDING SHADER_API_MOBILE SHADER_API_DESKTOP UNITY_COLORSPACE_GAMMA
  api=8 type=1 insize=978281 outsize=0 kw=DIRECTIONAL LAYERS_8 ROUGHNESS_ON PARALLAX_ON NORMAL_MAP_ON PROJECTOR_ON pd=UNITY_NO_SCREENSPACE_SHADOWS UNITY_ENABLE_REFLECTION_BUFFERS UNITY_PBS_USE_BRDF1 UNITY_SPECCUBE_BOX_PROJECTION UNITY_SPECCUBE_BLENDING SHADER_API_MOBILE SHADER_API_DESKTOP UNITY_COLORSPACE_GAMMA ok=0
Cmd: compileSnippet
  error: 2 plat 8 at ./Assets/OvrAvatar/Content/Materials/AvatarMaterialStateShader.cginc(206): Invalid const register num: 32. Max allowed is 31.\nCompiling Fragment program with DIRECTIONAL PROJECTOR_OFF NORMAL_MAP_OFF PARALLAX_OFF ROUGHNESS_OFF LAYERS_3
Platform defines: UNITY_NO_SCREENSPACE_SHADOWS UNITY_ENABLE_REFLECTION_BUFFERS UNITY_PBS_USE_BRDF1 UNITY_SPECCUBE_BOX_PROJECTION UNITY_SPECCUBE_BLENDING SHADER_API_MOBILE SHADER_API_DESKTOP UNITY_COLORSPACE_GAMMA
  api=8 type=1 insize=978409 outsize=0 kw=DIRECTIONAL PROJECTOR_OFF NORMAL_MAP_OFF PARALLAX_OFF ROUGHNESS_OFF LAYERS_3 pd=UNITY_NO_SCREENSPACE_SHADOWS UNITY_ENABLE_REFLECTION_BUFFERS UNITY_PBS_USE_BRDF1 UNITY_SPECCUBE_BOX_PROJECTION UNITY_SPECCUBE_BLENDING SHADER_API_MOBILE SHADER_API_DESKTOP UNITY_COLORSPACE_GAMMA ok=0
Cmd: compileSnippet
  error: 2 plat 8 at ./Assets/OvrAvatar/Content/Materials/AvatarMaterialStateShader.cginc(206): Invalid const register num: 42. Max allowed is 31.\nCompiling Fragment program with DIRECTIONAL PROJECTOR_OFF NORMAL_MAP_OFF PARALLAX_OFF LAYERS_5 ROUGHNESS_ON
Platform defines: UNITY_NO_SCREENSPACE_SHADOWS UNITY_ENABLE_REFLECTION_BUFFERS UNITY_PBS_USE_BRDF1 UNITY_SPECCUBE_BOX_PROJECTION UNITY_SPECCUBE_BLENDING SHADER_API_MOBILE SHADER_API_DESKTOP UNITY_COLORSPACE_GAMMA
  api=8 type=1 insize=978409 outsize=0 kw=DIRECTIONAL PROJECTOR_OFF NORMAL_MAP_OFF PARALLAX_OFF LAYERS_5 ROUGHNESS_ON pd=UNITY_NO_SCREENSPACE_SHADOWS UNITY_ENABLE_REFLECTION_BUFFERS UNITY_PBS_USE_BRDF1 UNITY_SPECCUBE_BOX_PROJECTION UNITY_SPECCUBE_BLENDING SHADER_API_MOBILE SHADER_API_DESKTOP UNITY_COLORSPACE_GAMMA ok=0
Cmd: compileSnippet
  error: 2 plat 8 at ./Assets/OvrAvatar/Content/Materials/AvatarMaterialStateShader.cginc(215): Invalid const register num: 48. Max allowed is 31.\nCompiling Fragment program with DIRECTIONAL PROJECTOR_OFF NORMAL_MAP_OFF ROUGHNESS_OFF LAYERS_6 PARALLAX_ON
Platform defines: UNITY_NO_SCREENSPACE_SHADOWS UNITY_ENABLE_REFLECTION_BUFFERS UNITY_PBS_USE_BRDF1 UNITY_SPECCUBE_BOX_PROJECTION UNITY_SPECCUBE_BLENDING SHADER_API_MOBILE SHADER_API_DESKTOP UNITY_COLORSPACE_GAMMA
  api=8 type=1 insize=978409 outsize=0 kw=DIRECTIONAL PROJECTOR_OFF NORMAL_MAP_OFF ROUGHNESS_OFF LAYERS_6 PARALLAX_ON pd=UNITY_NO_SCREENSPACE_SHADOWS UNITY_ENABLE_REFLECTION_BUFFERS UNITY_PBS_USE_BRDF1 UNITY_SPECCUBE_BOX_PROJECTION UNITY_SPECCUBE_BLENDING SHADER_API_MOBILE SHADER_API_DESKTOP UNITY_COLORSPACE_GAMMA ok=0
Cmd: compileSnippet
  error: 2 plat 8 at ./Assets/OvrAvatar/Content/Materials/AvatarMaterialStateShader.cginc(172): Invalid const register num: 36. Max allowed is 31.\nCompiling Fragment program with DIRECTIONAL PROJECTOR_OFF PARALLAX_OFF ROUGHNESS_OFF LAYERS_4 NORMAL_MAP_ON
Platform defines: UNITY_NO_SCREENSPACE_SHADOWS UNITY_ENABLE_REFLECTION_BUFFERS UNITY_PBS_USE_BRDF1 UNITY_SPECCUBE_BOX_PROJECTION UNITY_SPECCUBE_BLENDING SHADER_API_MOBILE SHADER_API_DESKTOP UNITY_COLORSPACE_GAMMA
  api=8 type=1 insize=978409 outsize=0 kw=DIRECTIONAL PROJECTOR_OFF PARALLAX_OFF ROUGHNESS_OFF LAYERS_4 NORMAL_MAP_ON pd=UNITY_NO_SCREENSPACE_SHADOWS UNITY_ENABLE_REFLECTION_BUFFERS UNITY_PBS_USE_BRDF1 UNITY_SPECCUBE_BOX_PROJECTION UNITY_SPECCUBE_BLENDING SHADER_API_MOBILE SHADER_API_DESKTOP UNITY_COLORSPACE_GAMMA ok=0
Cmd: compileSnippet
  error: 2 plat 8 at ./Assets/OvrAvatar/Content/Materials/AvatarMaterialStateShader.cginc(172): Invalid const register num: 37. Max allowed is 31.\nCompiling Fragment program with DIRECTIONAL PROJECTOR_OFF PARALLAX_OFF LAYERS_4 ROUGHNESS_ON NORMAL_MAP_ON
Platform defines: UNITY_NO_SCREENSPACE_SHADOWS UNITY_ENABLE_REFLECTION_BUFFERS UNITY_PBS_USE_BRDF1 UNITY_SPECCUBE_BOX_PROJECTION UNITY_SPECCUBE_BLENDING SHADER_API_MOBILE SHADER_API_DESKTOP UNITY_COLORSPACE_GAMMA
  api=8 type=1 insize=978409 outsize=0 kw=DIRECTIONAL PROJECTOR_OFF PARALLAX_OFF LAYERS_4 ROUGHNESS_ON NORMAL_MAP_ON pd=UNITY_NO_SCREENSPACE_SHADOWS UNITY_ENABLE_REFLECTION_BUFFERS UNITY_PBS_USE_BRDF1 UNITY_SPECCUBE_BOX_PROJECTION UNITY_SPECCUBE_BLENDING SHADER_API_MOBILE SHADER_API_DESKTOP UNITY_COLORSPACE_GAMMA ok=0
Cmd: compileSnippet
  error: 2 plat 8 at ./Assets/OvrAvatar/Content/Materials/AvatarMaterialStateShader.cginc(215): Invalid const register num: 37. Max allowed is 31.\nCompiling Fragment program with DIRECTIONAL PROJECTOR_OFF ROUGHNESS_OFF LAYERS_4 PARALLAX_ON NORMAL_MAP_ON
Platform defines: UNITY_NO_SCREENSPACE_SHADOWS UNITY_ENABLE_REFLECTION_BUFFERS UNITY_PBS_USE_BRDF1 UNITY_SPECCUBE_BOX_PROJECTION UNITY_SPECCUBE_BLENDING SHADER_API_MOBILE SHADER_API_DESKTOP UNITY_COLORSPACE_GAMMA
  api=8 type=1 insize=978409 outsize=0 kw=DIRECTIONAL PROJECTOR_OFF ROUGHNESS_OFF LAYERS_4 PARALLAX_ON NORMAL_MAP_ON pd=UNITY_NO_SCREENSPACE_SHADOWS UNITY_ENABLE_REFLECTION_BUFFERS UNITY_PBS_USE_BRDF1 UNITY_SPECCUBE_BOX_PROJECTION UNITY_SPECCUBE_BLENDING SHADER_API_MOBILE SHADER_API_DESKTOP UNITY_COLORSPACE_GAMMA ok=0
Cmd: compileSnippet
  error: 2 plat 8 at ./Assets/OvrAvatar/Content/Materials/AvatarMaterialStateShader.cginc(215): Invalid const register num: 61. Max allowed is 31.\nCompiling Fragment program with DIRECTIONAL PROJECTOR_OFF ROUGHNESS_OFF LAYERS_8 PARALLAX_ON NORMAL_MAP_ON
Platform defines: UNITY_NO_SCREENSPACE_SHADOWS UNITY_ENABLE_REFLECTION_BUFFERS UNITY_PBS_USE_BRDF1 UNITY_SPECCUBE_BOX_PROJECTION UNITY_SPECCUBE_BLENDING SHADER_API_MOBILE SHADER_API_DESKTOP UNITY_COLORSPACE_GAMMA
  api=8 type=1 insize=978409 outsize=0 kw=DIRECTIONAL PROJECTOR_OFF ROUGHNESS_OFF LAYERS_8 PARALLAX_ON NORMAL_MAP_ON pd=UNITY_NO_SCREENSPACE_SHADOWS UNITY_ENABLE_REFLECTION_BUFFERS UNITY_PBS_USE_BRDF1 UNITY_SPECCUBE_BOX_PROJECTION UNITY_SPECCUBE_BLENDING SHADER_API_MOBILE SHADER_API_DESKTOP UNITY_COLORSPACE_GAMMA ok=0
Cmd: compileSnippet
  error: 2 plat 8 at ./Assets/OvrAvatar/Content/Materials/AvatarMaterialStateShader.cginc(225): Invalid const register num: 63. Max allowed is 31.\nCompiling Fragment program with DIRECTIONAL NORMAL_MAP_OFF PARALLAX_OFF ROUGHNESS_OFF LAYERS_8 PROJECTOR_ON
Platform defines: UNITY_NO_SCREENSPACE_SHADOWS UNITY_ENABLE_REFLECTION_BUFFERS UNITY_PBS_USE_BRDF1 UNITY_SPECCUBE_BOX_PROJECTION UNITY_SPECCUBE_BLENDING SHADER_API_MOBILE SHADER_API_DESKTOP UNITY_COLORSPACE_GAMMA
  api=8 type=1 insize=978409 outsize=0 kw=DIRECTIONAL NORMAL_MAP_OFF PARALLAX_OFF ROUGHNESS_OFF LAYERS_8 PROJECTOR_ON pd=UNITY_NO_SCREENSPACE_SHADOWS UNITY_ENABLE_REFLECTION_BUFFERS UNITY_PBS_USE_BRDF1 UNITY_SPECCUBE_BOX_PROJECTION UNITY_SPECCUBE_BLENDING SHADER_API_MOBILE SHADER_API_DESKTOP UNITY_COLORSPACE_GAMMA ok=0
Cmd: compileSnippet
  error: 2 plat 8 at ./Assets/OvrAvatar/Content/Materials/AvatarMaterialStateShader.cginc(225): Invalid const register num: 40. Max allowed is 31.\nCompiling Fragment program with DIRECTIONAL NORMAL_MAP_OFF PARALLAX_OFF LAYERS_4 ROUGHNESS_ON PROJECTOR_ON
Platform defines: UNITY_NO_SCREENSPACE_SHADOWS UNITY_ENABLE_REFLECTION_BUFFERS UNITY_PBS_USE_BRDF1 UNITY_SPECCUBE_BOX_PROJECTION UNITY_SPECCUBE_BLENDING SHADER_API_MOBILE SHADER_API_DESKTOP UNITY_COLORSPACE_GAMMA
  api=8 type=1 insize=978409 outsize=0 kw=DIRECTIONAL NORMAL_MAP_OFF PARALLAX_OFF LAYERS_4 ROUGHNESS_ON PROJECTOR_ON pd=UNITY_NO_SCREENSPACE_SHADOWS UNITY_ENABLE_REFLECTION_BUFFERS UNITY_PBS_USE_BRDF1 UNITY_SPECCUBE_BOX_PROJECTION UNITY_SPECCUBE_BLENDING SHADER_API_MOBILE SHADER_API_DESKTOP UNITY_COLORSPACE_GAMMA ok=0
Cmd: compileSnippet
  error: 2 plat 8 at ./Assets/OvrAvatar/Content/Materials/AvatarMaterialStateShader.cginc(225): Invalid const register num: 46. Max allowed is 31.\nCompiling Fragment program with DIRECTIONAL NORMAL_MAP_OFF ROUGHNESS_OFF LAYERS_5 PARALLAX_ON PROJECTOR_ON
Platform defines: UNITY_NO_SCREENSPACE_SHADOWS UNITY_ENABLE_REFLECTION_BUFFERS UNITY_PBS_USE_BRDF1 UNITY_SPECCUBE_BOX_PROJECTION UNITY_SPECCUBE_BLENDING SHADER_API_MOBILE SHADER_API_DESKTOP UNITY_COLORSPACE_GAMMA
  api=8 type=1 insize=978409 outsize=0 kw=DIRECTIONAL NORMAL_MAP_OFF ROUGHNESS_OFF LAYERS_5 PARALLAX_ON PROJECTOR_ON pd=UNITY_NO_SCREENSPACE_SHADOWS UNITY_ENABLE_REFLECTION_BUFFERS UNITY_PBS_USE_BRDF1 UNITY_SPECCUBE_BOX_PROJECTION UNITY_SPECCUBE_BLENDING SHADER_API_MOBILE SHADER_API_DESKTOP UNITY_COLORSPACE_GAMMA ok=0
Cmd: compileSnippet
  error: 2 plat 8 at ./Assets/OvrAvatar/Content/Materials/AvatarMaterialStateShader.cginc(225): Invalid const register num: 34. Max allowed is 31.\nCompiling Fragment program with DIRECTIONAL PARALLAX_OFF ROUGHNESS_OFF LAYERS_3 NORMAL_MAP_ON PROJECTOR_ON
Platform defines: UNITY_NO_SCREENSPACE_SHADOWS UNITY_ENABLE_REFLECTION_BUFFERS UNITY_PBS_USE_BRDF1 UNITY_SPECCUBE_BOX_PROJECTION UNITY_SPECCUBE_BLENDING SHADER_API_MOBILE SHADER_API_DESKTOP UNITY_COLORSPACE_GAMMA
  api=8 type=1 insize=978409 outsize=0 kw=DIRECTIONAL PARALLAX_OFF ROUGHNESS_OFF LAYERS_3 NORMAL_MAP_ON PROJECTOR_ON pd=UNITY_NO_SCREENSPACE_SHADOWS UNITY_ENABLE_REFLECTION_BUFFERS UNITY_PBS_USE_BRDF1 UNITY_SPECCUBE_BOX_PROJECTION UNITY_SPECCUBE_BLENDING SHADER_API_MOBILE SHADER_API_DESKTOP UNITY_COLORSPACE_GAMMA ok=0
Cmd: compileSnippet
  error: 2 plat 8 at ./Assets/OvrAvatar/Content/Materials/AvatarMaterialStateShader.cginc(225): Invalid const register num: 32. Max allowed is 31.\nCompiling Fragment program with DIRECTIONAL PARALLAX_OFF LAYERS_2 ROUGHNESS_ON NORMAL_MAP_ON PROJECTOR_ON
Platform defines: UNITY_NO_SCREENSPACE_SHADOWS UNITY_ENABLE_REFLECTION_BUFFERS UNITY_PBS_USE_BRDF1 UNITY_SPECCUBE_BOX_PROJECTION UNITY_SPECCUBE_BLENDING SHADER_API_MOBILE SHADER_API_DESKTOP UNITY_COLORSPACE_GAMMA
  api=8 type=1 insize=978409 outsize=0 kw=DIRECTIONAL PARALLAX_OFF LAYERS_2 ROUGHNESS_ON NORMAL_MAP_ON PROJECTOR_ON pd=UNITY_NO_SCREENSPACE_SHADOWS UNITY_ENABLE_REFLECTION_BUFFERS UNITY_PBS_USE_BRDF1 UNITY_SPECCUBE_BOX_PROJECTION UNITY_SPECCUBE_BLENDING SHADER_API_MOBILE SHADER_API_DESKTOP UNITY_COLORSPACE_GAMMA ok=0
Cmd: compileSnippet
  error: 2 plat 8 at ./Assets/OvrAvatar/Content/Materials/AvatarMaterialStateShader.cginc(225): Invalid const register num: 53. Max allowed is 31.\nCompiling Fragment program with DIRECTIONAL PARALLAX_OFF LAYERS_6 ROUGHNESS_ON NORMAL_MAP_ON PROJECTOR_ON
Platform defines: UNITY_NO_SCREENSPACE_SHADOWS UNITY_ENABLE_REFLECTION_BUFFERS UNITY_PBS_USE_BRDF1 UNITY_SPECCUBE_BOX_PROJECTION UNITY_SPECCUBE_BLENDING SHADER_API_MOBILE SHADER_API_DESKTOP UNITY_COLORSPACE_GAMMA
  api=8 type=1 insize=978409 outsize=0 kw=DIRECTIONAL PARALLAX_OFF LAYERS_6 ROUGHNESS_ON NORMAL_MAP_ON PROJECTOR_ON pd=UNITY_NO_SCREENSPACE_SHADOWS UNITY_ENABLE_REFLECTION_BUFFERS UNITY_PBS_USE_BRDF1 UNITY_SPECCUBE_BOX_PROJECTION UNITY_SPECCUBE_BLENDING SHADER_API_MOBILE SHADER_API_DESKTOP UNITY_COLORSPACE_GAMMA ok=0
Cmd: compileSnippet
  error: 2 plat 8 at ./Assets/OvrAvatar/Content/Materials/AvatarMaterialStateShader.cginc(225): Invalid const register num: 32. Max allowed is 31.\nCompiling Fragment program with DIRECTIONAL ROUGHNESS_OFF LAYERS_2 PARALLAX_ON NORMAL_MAP_ON PROJECTOR_ON
Platform defines: UNITY_NO_SCREENSPACE_SHADOWS UNITY_ENABLE_REFLECTION_BUFFERS UNITY_PBS_USE_BRDF1 UNITY_SPECCUBE_BOX_PROJECTION UNITY_SPECCUBE_BLENDING SHADER_API_MOBILE SHADER_API_DESKTOP UNITY_COLORSPACE_GAMMA
  api=8 type=1 insize=978409 outsize=0 kw=DIRECTIONAL ROUGHNESS_OFF LAYERS_2 PARALLAX_ON NORMAL_MAP_ON PROJECTOR_ON pd=UNITY_NO_SCREENSPACE_SHADOWS UNITY_ENABLE_REFLECTION_BUFFERS UNITY_PBS_USE_BRDF1 UNITY_SPECCUBE_BOX_PROJECTION UNITY_SPECCUBE_BLENDING SHADER_API_MOBILE SHADER_API_DESKTOP UNITY_COLORSPACE_GAMMA ok=0
Cmd: compileSnippet
  error: 2 plat 8 at ./Assets/OvrAvatar/Content/Materials/AvatarMaterialStateShader.cginc(225): Invalid const register num: 53. Max allowed is 31.\nCompiling Fragment program with DIRECTIONAL ROUGHNESS_OFF LAYERS_6 PARALLAX_ON NORMAL_MAP_ON PROJECTOR_ON
Platform defines: UNITY_NO_SCREENSPACE_SHADOWS UNITY_ENABLE_REFLECTION_BUFFERS UNITY_PBS_USE_BRDF1 UNITY_SPECCUBE_BOX_PROJECTION UNITY_SPECCUBE_BLENDING SHADER_API_MOBILE SHADER_API_DESKTOP UNITY_COLORSPACE_GAMMA
  api=8 type=1 insize=978409 outsize=0 kw=DIRECTIONAL ROUGHNESS_OFF LAYERS_6 PARALLAX_ON NORMAL_MAP_ON PROJECTOR_ON pd=UNITY_NO_SCREENSPACE_SHADOWS UNITY_ENABLE_REFLECTION_BUFFERS UNITY_PBS_USE_BRDF1 UNITY_SPECCUBE_BOX_PROJECTION UNITY_SPECCUBE_BLENDING SHADER_API_MOBILE SHADER_API_DESKTOP UNITY_COLORSPACE_GAMMA ok=0
Cmd: compileSnippet
  error: 2 plat 8 at ./Assets/OvrAvatar/Content/Materials/AvatarMaterialStateShader.cginc(225): Invalid const register num: 36. Max allowed is 31.\nCompiling Fragment program with DIRECTIONAL LAYERS_3 ROUGHNESS_ON PARALLAX_ON NORMAL_MAP_ON PROJECTOR_ON
Platform defines: UNITY_NO_SCREENSPACE_SHADOWS UNITY_ENABLE_REFLECTION_BUFFERS UNITY_PBS_USE_BRDF1 UNITY_SPECCUBE_BOX_PROJECTION UNITY_SPECCUBE_BLENDING SHADER_API_MOBILE SHADER_API_DESKTOP UNITY_COLORSPACE_GAMMA
  api=8 type=1 insize=978409 outsize=0 kw=DIRECTIONAL LAYERS_3 ROUGHNESS_ON PARALLAX_ON NORMAL_MAP_ON PROJECTOR_ON pd=UNITY_NO_SCREENSPACE_SHADOWS UNITY_ENABLE_REFLECTION_BUFFERS UNITY_PBS_USE_BRDF1 UNITY_SPECCUBE_BOX_PROJECTION UNITY_SPECCUBE_BLENDING SHADER_API_MOBILE SHADER_API_DESKTOP UNITY_COLORSPACE_GAMMA ok=0
Cmd: compileSnippet
  error: 2 plat 8 at ./Assets/OvrAvatar/Content/Materials/AvatarMaterialStateShader.cginc(206): Invalid const register num: 32. Max allowed is 31.\nCompiling Fragment program with DIRECTIONAL PROJECTOR_OFF NORMAL_MAP_OFF PARALLAX_OFF LAYERS_3 ROUGHNESS_ON
Platform defines: UNITY_NO_SCREENSPACE_SHADOWS UNITY_ENABLE_REFLECTION_BUFFERS UNITY_PBS_USE_BRDF1 UNITY_SPECCUBE_BOX_PROJECTION UNITY_SPECCUBE_BLENDING SHADER_API_MOBILE SHADER_API_DESKTOP UNITY_COLORSPACE_GAMMA
  api=8 type=1 insize=978281 outsize=0 kw=DIRECTIONAL PROJECTOR_OFF NORMAL_MAP_OFF PARALLAX_OFF LAYERS_3 ROUGHNESS_ON pd=UNITY_NO_SCREENSPACE_SHADOWS UNITY_ENABLE_REFLECTION_BUFFERS UNITY_PBS_USE_BRDF1 UNITY_SPECCUBE_BOX_PROJECTION UNITY_SPECCUBE_BLENDING SHADER_API_MOBILE SHADER_API_DESKTOP UNITY_COLORSPACE_GAMMA ok=0
Cmd: compileSnippet
  error: 2 plat 8 at ./Assets/OvrAvatar/Content/Materials/AvatarMaterialStateShader.cginc(206): Invalid const register num: 48. Max allowed is 31.\nCompiling Fragment program with DIRECTIONAL PROJECTOR_OFF NORMAL_MAP_OFF PARALLAX_OFF LAYERS_6 ROUGHNESS_ON
Platform defines: UNITY_NO_SCREENSPACE_SHADOWS UNITY_ENABLE_REFLECTION_BUFFERS UNITY_PBS_USE_BRDF1 UNITY_SPECCUBE_BOX_PROJECTION UNITY_SPECCUBE_BLENDING SHADER_API_MOBILE SHADER_API_DESKTOP UNITY_COLORSPACE_GAMMA
  api=8 type=1 insize=978281 outsize=0 kw=DIRECTIONAL PROJECTOR_OFF NORMAL_MAP_OFF PARALLAX_OFF LAYERS_6 ROUGHNESS_ON pd=UNITY_NO_SCREENSPACE_SHADOWS UNITY_ENABLE_REFLECTION_BUFFERS UNITY_PBS_USE_BRDF1 UNITY_SPECCUBE_BOX_PROJECTION UNITY_SPECCUBE_BLENDING SHADER_API_MOBILE SHADER_API_DESKTOP UNITY_COLORSPACE_GAMMA ok=0
Cmd: compileSnippet
  error: 2 plat 8 at ./Assets/OvrAvatar/Content/Materials/AvatarMaterialStateShader.cginc(172): Invalid const register num: 32. Max allowed is 31.\nCompiling Fragment program with DIRECTIONAL PROJECTOR_OFF NORMAL_MAP_OFF LAYERS_3 ROUGHNESS_ON PARALLAX_ON
Platform defines: UNITY_NO_SCREENSPACE_SHADOWS UNITY_ENABLE_REFLECTION_BUFFERS UNITY_PBS_USE_BRDF1 UNITY_SPECCUBE_BOX_PROJECTION UNITY_SPECCUBE_BLENDING SHADER_API_MOBILE SHADER_API_DESKTOP UNITY_COLORSPACE_GAMMA
  api=8 type=1 insize=978281 outsize=0 kw=DIRECTIONAL PROJECTOR_OFF NORMAL_MAP_OFF LAYERS_3 ROUGHNESS_ON PARALLAX_ON pd=UNITY_NO_SCREENSPACE_SHADOWS UNITY_ENABLE_REFLECTION_BUFFERS UNITY_PBS_USE_BRDF1 UNITY_SPECCUBE_BOX_PROJECTION UNITY_SPECCUBE_BLENDING SHADER_API_MOBILE SHADER_API_DESKTOP UNITY_COLORSPACE_GAMMA ok=0
Cmd: compileSnippet
  error: 2 plat 8 at ./Assets/OvrAvatar/Content/Materials/AvatarMaterialStateShader.cginc(215): Invalid const register num: 61. Max allowed is 31.\nCompiling Fragment program with DIRECTIONAL PROJECTOR_OFF NORMAL_MAP_OFF LAYERS_8 ROUGHNESS_ON PARALLAX_ON
Platform defines: UNITY_NO_SCREENSPACE_SHADOWS UNITY_ENABLE_REFLECTION_BUFFERS UNITY_PBS_USE_BRDF1 UNITY_SPECCUBE_BOX_PROJECTION UNITY_SPECCUBE_BLENDING SHADER_API_MOBILE SHADER_API_DESKTOP UNITY_COLORSPACE_GAMMA
  api=8 type=1 insize=978281 outsize=0 kw=DIRECTIONAL PROJECTOR_OFF NORMAL_MAP_OFF LAYERS_8 ROUGHNESS_ON PARALLAX_ON pd=UNITY_NO_SCREENSPACE_SHADOWS UNITY_ENABLE_REFLECTION_BUFFERS UNITY_PBS_USE_BRDF1 UNITY_SPECCUBE_BOX_PROJECTION UNITY_SPECCUBE_BLENDING SHADER_API_MOBILE SHADER_API_DESKTOP UNITY_COLORSPACE_GAMMA ok=0
Cmd: compileSnippet
  error: 2 plat 8 at ./Assets/OvrAvatar/Content/Materials/AvatarMaterialStateShader.cginc(172): Invalid const register num: 49. Max allowed is 31.\nCompiling Fragment program with DIRECTIONAL PROJECTOR_OFF PARALLAX_OFF LAYERS_6 ROUGHNESS_ON NORMAL_MAP_ON
Platform defines: UNITY_NO_SCREENSPACE_SHADOWS UNITY_ENABLE_REFLECTION_BUFFERS UNITY_PBS_USE_BRDF1 UNITY_SPECCUBE_BOX_PROJECTION UNITY_SPECCUBE_BLENDING SHADER_API_MOBILE SHADER_API_DESKTOP UNITY_COLORSPACE_GAMMA
  api=8 type=1 insize=978281 outsize=0 kw=DIRECTIONAL PROJECTOR_OFF PARALLAX_OFF LAYERS_6 ROUGHNESS_ON NORMAL_MAP_ON pd=UNITY_NO_SCREENSPACE_SHADOWS UNITY_ENABLE_REFLECTION_BUFFERS UNITY_PBS_USE_BRDF1 UNITY_SPECCUBE_BOX_PROJECTION UNITY_SPECCUBE_BLENDING SHADER_API_MOBILE SHADER_API_DESKTOP UNITY_COLORSPACE_GAMMA ok=0
Cmd: compileSnippet
  error: 2 plat 8 at ./Assets/OvrAvatar/Content/Materials/AvatarMaterialStateShader.cginc(215): Invalid const register num: 32. Max allowed is 31.\nCompiling Fragment program with DIRECTIONAL PROJECTOR_OFF LAYERS_3 ROUGHNESS_ON PARALLAX_ON NORMAL_MAP_ON
Platform defines: UNITY_NO_SCREENSPACE_SHADOWS UNITY_ENABLE_REFLECTION_BUFFERS UNITY_PBS_USE_BRDF1 UNITY_SPECCUBE_BOX_PROJECTION UNITY_SPECCUBE_BLENDING SHADER_API_MOBILE SHADER_API_DESKTOP UNITY_COLORSPACE_GAMMA
  api=8 type=1 insize=978281 outsize=0 kw=DIRECTIONAL PROJECTOR_OFF LAYERS_3 ROUGHNESS_ON PARALLAX_ON NORMAL_MAP_ON pd=UNITY_NO_SCREENSPACE_SHADOWS UNITY_ENABLE_REFLECTION_BUFFERS UNITY_PBS_USE_BRDF1 UNITY_SPECCUBE_BOX_PROJECTION UNITY_SPECCUBE_BLENDING SHADER_API_MOBILE SHADER_API_DESKTOP UNITY_COLORSPACE_GAMMA ok=0
Cmd: compileSnippet
  error: 2 plat 8 at ./Assets/OvrAvatar/Content/Materials/AvatarMaterialStateShader.cginc(215): Invalid const register num: 56. Max allowed is 31.\nCompiling Fragment program with DIRECTIONAL PROJECTOR_OFF LAYERS_7 ROUGHNESS_ON PARALLAX_ON NORMAL_MAP_ON
Platform defines: UNITY_NO_SCREENSPACE_SHADOWS UNITY_ENABLE_REFLECTION_BUFFERS UNITY_PBS_USE_BRDF1 UNITY_SPECCUBE_BOX_PROJECTION UNITY_SPECCUBE_BLENDING SHADER_API_MOBILE SHADER_API_DESKTOP UNITY_COLORSPACE_GAMMA
  api=8 type=1 insize=978281 outsize=0 kw=DIRECTIONAL PROJECTOR_OFF LAYERS_7 ROUGHNESS_ON PARALLAX_ON NORMAL_MAP_ON pd=UNITY_NO_SCREENSPACE_SHADOWS UNITY_ENABLE_REFLECTION_BUFFERS UNITY_PBS_USE_BRDF1 UNITY_SPECCUBE_BOX_PROJECTION UNITY_SPECCUBE_BLENDING SHADER_API_MOBILE SHADER_API_DESKTOP UNITY_COLORSPACE_GAMMA ok=0
Cmd: compileSnippet
  error: 2 plat 8 at ./Assets/OvrAvatar/Content/Materials/AvatarMaterialStateShader.cginc(225): Invalid const register num: 32. Max allowed is 31.\nCompiling Fragment program with DIRECTIONAL NORMAL_MAP_OFF PARALLAX_OFF LAYERS_2 ROUGHNESS_ON PROJECTOR_ON
Platform defines: UNITY_NO_SCREENSPACE_SHADOWS UNITY_ENABLE_REFLECTION_BUFFERS UNITY_PBS_USE_BRDF1 UNITY_SPECCUBE_BOX_PROJECTION UNITY_SPECCUBE_BLENDING SHADER_API_MOBILE SHADER_API_DESKTOP UNITY_COLORSPACE_GAMMA
  api=8 type=1 insize=978281 outsize=0 kw=DIRECTIONAL NORMAL_MAP_OFF PARALLAX_OFF LAYERS_2 ROUGHNESS_ON PROJECTOR_ON pd=UNITY_NO_SCREENSPACE_SHADOWS UNITY_ENABLE_REFLECTION_BUFFERS UNITY_PBS_USE_BRDF1 UNITY_SPECCUBE_BOX_PROJECTION UNITY_SPECCUBE_BLENDING SHADER_API_MOBILE SHADER_API_DESKTOP UNITY_COLORSPACE_GAMMA ok=0
Cmd: compileSnippet
  error: 2 plat 8 at ./Assets/OvrAvatar/Content/Materials/AvatarMaterialStateShader.cginc(225): Invalid const register num: 52. Max allowed is 31.\nCompiling Fragment program with DIRECTIONAL NORMAL_MAP_OFF PARALLAX_OFF LAYERS_6 ROUGHNESS_ON PROJECTOR_ON
Platform defines: UNITY_NO_SCREENSPACE_SHADOWS UNITY_ENABLE_REFLECTION_BUFFERS UNITY_PBS_USE_BRDF1 UNITY_SPECCUBE_BOX_PROJECTION UNITY_SPECCUBE_BLENDING SHADER_API_MOBILE SHADER_API_DESKTOP UNITY_COLORSPACE_GAMMA
  api=8 type=1 insize=978281 outsize=0 kw=DIRECTIONAL NORMAL_MAP_OFF PARALLAX_OFF LAYERS_6 ROUGHNESS_ON PROJECTOR_ON pd=UNITY_NO_SCREENSPACE_SHADOWS UNITY_ENABLE_REFLECTION_BUFFERS UNITY_PBS_USE_BRDF1 UNITY_SPECCUBE_BOX_PROJECTION UNITY_SPECCUBE_BLENDING SHADER_API_MOBILE SHADER_API_DESKTOP UNITY_COLORSPACE_GAMMA ok=0
Cmd: compileSnippet
  error: 2 plat 8 at ./Assets/OvrAvatar/Content/Materials/AvatarMaterialStateShader.cginc(225): Invalid const register num: 59. Max allowed is 31.\nCompiling Fragment program with DIRECTIONAL NORMAL_MAP_OFF LAYERS_7 ROUGHNESS_ON PARALLAX_ON PROJECTOR_ON
Platform defines: UNITY_NO_SCREENSPACE_SHADOWS UNITY_ENABLE_REFLECTION_BUFFERS UNITY_PBS_USE_BRDF1 UNITY_SPECCUBE_BOX_PROJECTION UNITY_SPECCUBE_BLENDING SHADER_API_MOBILE SHADER_API_DESKTOP UNITY_COLORSPACE_GAMMA
  api=8 type=1 insize=978281 outsize=0 kw=DIRECTIONAL NORMAL_MAP_OFF LAYERS_7 ROUGHNESS_ON PARALLAX_ON PROJECTOR_ON pd=UNITY_NO_SCREENSPACE_SHADOWS UNITY_ENABLE_REFLECTION_BUFFERS UNITY_PBS_USE_BRDF1 UNITY_SPECCUBE_BOX_PROJECTION UNITY_SPECCUBE_BLENDING SHADER_API_MOBILE SHADER_API_DESKTOP UNITY_COLORSPACE_GAMMA ok=0
Cmd: compileSnippet
  error: 2 plat 8 at ./Assets/OvrAvatar/Content/Materials/AvatarMaterialStateShader.cginc(225): Invalid const register num: 32. Max allowed is 31.\nCompiling Fragment program with DIRECTIONAL PARALLAX_OFF ROUGHNESS_OFF LAYERS_2 NORMAL_MAP_ON PROJECTOR_ON
Platform defines: UNITY_NO_SCREENSPACE_SHADOWS UNITY_ENABLE_REFLECTION_BUFFERS UNITY_PBS_USE_BRDF1 UNITY_SPECCUBE_BOX_PROJECTION UNITY_SPECCUBE_BLENDING SHADER_API_MOBILE SHADER_API_DESKTOP UNITY_COLORSPACE_GAMMA
  api=8 type=1 insize=978281 outsize=0 kw=DIRECTIONAL PARALLAX_OFF ROUGHNESS_OFF LAYERS_2 NORMAL_MAP_ON PROJECTOR_ON pd=UNITY_NO_SCREENSPACE_SHADOWS UNITY_ENABLE_REFLECTION_BUFFERS UNITY_PBS_USE_BRDF1 UNITY_SPECCUBE_BOX_PROJECTION UNITY_SPECCUBE_BLENDING SHADER_API_MOBILE SHADER_API_DESKTOP UNITY_COLORSPACE_GAMMA ok=0
Cmd: compileSnippet
  error: 2 plat 8 at ./Assets/OvrAvatar/Content/Materials/AvatarMaterialStateShader.cginc(225): Invalid const register num: 46. Max allowed is 31.\nCompiling Fragment program with DIRECTIONAL PARALLAX_OFF ROUGHNESS_OFF LAYERS_5 NORMAL_MAP_ON PROJECTOR_ON
Platform defines: UNITY_NO_SCREENSPACE_SHADOWS UNITY_ENABLE_REFLECTION_BUFFERS UNITY_PBS_USE_BRDF1 UNITY_SPECCUBE_BOX_PROJECTION UNITY_SPECCUBE_BLENDING SHADER_API_MOBILE SHADER_API_DESKTOP UNITY_COLORSPACE_GAMMA
  api=8 type=1 insize=978281 outsize=0 kw=DIRECTIONAL PARALLAX_OFF ROUGHNESS_OFF LAYERS_5 NORMAL_MAP_ON PROJECTOR_ON pd=UNITY_NO_SCREENSPACE_SHADOWS UNITY_ENABLE_REFLECTION_BUFFERS UNITY_PBS_USE_BRDF1 UNITY_SPECCUBE_BOX_PROJECTION UNITY_SPECCUBE_BLENDING SHADER_API_MOBILE SHADER_API_DESKTOP UNITY_COLORSPACE_GAMMA ok=0
Cmd: compileSnippet
  error: 2 plat 8 at ./Assets/OvrAvatar/Content/Materials/AvatarMaterialStateShader.cginc(225): Invalid const register num: 32. Max allowed is 31.\nCompiling Fragment program with DIRECTIONAL LAYERS_2 ROUGHNESS_ON PARALLAX_ON NORMAL_MAP_ON PROJECTOR_ON
Platform defines: UNITY_NO_SCREENSPACE_SHADOWS UNITY_ENABLE_REFLECTION_BUFFERS UNITY_PBS_USE_BRDF1 UNITY_SPECCUBE_BOX_PROJECTION UNITY_SPECCUBE_BLENDING SHADER_API_MOBILE SHADER_API_DESKTOP UNITY_COLORSPACE_GAMMA
  api=8 type=1 insize=978281 outsize=0 kw=DIRECTIONAL LAYERS_2 ROUGHNESS_ON PARALLAX_ON NORMAL_MAP_ON PROJECTOR_ON pd=UNITY_NO_SCREENSPACE_SHADOWS UNITY_ENABLE_REFLECTION_BUFFERS UNITY_PBS_USE_BRDF1 UNITY_SPECCUBE_BOX_PROJECTION UNITY_SPECCUBE_BLENDING SHADER_API_MOBILE SHADER_API_DESKTOP UNITY_COLORSPACE_GAMMA ok=0
Cmd: compileSnippet
  error: 2 plat 8 at ./Assets/OvrAvatar/Content/Materials/AvatarMaterialStateShader.cginc(225): Invalid const register num: 48. Max allowed is 31.\nCompiling Fragment program with DIRECTIONAL LAYERS_5 ROUGHNESS_ON PARALLAX_ON NORMAL_MAP_ON PROJECTOR_ON
Platform defines: UNITY_NO_SCREENSPACE_SHADOWS UNITY_ENABLE_REFLECTION_BUFFERS UNITY_PBS_USE_BRDF1 UNITY_SPECCUBE_BOX_PROJECTION UNITY_SPECCUBE_BLENDING SHADER_API_MOBILE SHADER_API_DESKTOP UNITY_COLORSPACE_GAMMA
  api=8 type=1 insize=978281 outsize=0 kw=DIRECTIONAL LAYERS_5 ROUGHNESS_ON PARALLAX_ON NORMAL_MAP_ON PROJECTOR_ON pd=UNITY_NO_SCREENSPACE_SHADOWS UNITY_ENABLE_REFLECTION_BUFFERS UNITY_PBS_USE_BRDF1 UNITY_SPECCUBE_BOX_PROJECTION UNITY_SPECCUBE_BLENDING SHADER_API_MOBILE SHADER_API_DESKTOP UNITY_COLORSPACE_GAMMA ok=0
Cmd: compileSnippet
  error: 2 plat 8 at ./Assets/OvrAvatar/Content/Materials/AvatarMaterialStateShader.cginc(225): Invalid const register num: 66. Max allowed is 31.\nCompiling Fragment program with DIRECTIONAL LAYERS_8 ROUGHNESS_ON PARALLAX_ON NORMAL_MAP_ON PROJECTOR_ON
Platform defines: UNITY_NO_SCREENSPACE_SHADOWS UNITY_ENABLE_REFLECTION_BUFFERS UNITY_PBS_USE_BRDF1 UNITY_SPECCUBE_BOX_PROJECTION UNITY_SPECCUBE_BLENDING SHADER_API_MOBILE SHADER_API_DESKTOP UNITY_COLORSPACE_GAMMA
  api=8 type=1 insize=978281 outsize=0 kw=DIRECTIONAL LAYERS_8 ROUGHNESS_ON PARALLAX_ON NORMAL_MAP_ON PROJECTOR_ON pd=UNITY_NO_SCREENSPACE_SHADOWS UNITY_ENABLE_REFLECTION_BUFFERS UNITY_PBS_USE_BRDF1 UNITY_SPECCUBE_BOX_PROJECTION UNITY_SPECCUBE_BLENDING SHADER_API_MOBILE SHADER_API_DESKTOP UNITY_COLORSPACE_GAMMA ok=0
